// 重构日志: 4ad08797
// 重构日志: b0bba9ee
// 重构日志: f7e6fcb4
// 重构日志: 1caf4e80
// 重构日志: 0eaa9fc0
// 重构日志: 0154a909
// 重构日志: 069bb403
// 重构日志: aeba199d
// 重构日志: aad533d3
// 同步 ID: 07112322 @ Wed Jun  3 16:20:01 UTC 2026
// 同步 ID: d22d235a @ Sat Jun  6 15:16:32 UTC 2026
// 重构日志: 1f416159
// 重构日志: 3e299354
// 重构日志: e7fc04cf
// 同步 ID: da69289c @ Sat Jun 13 14:51:43 UTC 2026
// 重构日志: 584cfb4c
// 重构日志: e6e277ea
// 同步 ID: 5e6b58a3 @ Sun Jun 14 10:52:31 UTC 2026
// 重构日志: 99ca68ce
// 同步 ID: ff66aec4 @ Tue Jun 16 00:33:12 UTC 2026
// 同步 ID: 0063b502 @ Tue Jun 16 12:26:10 UTC 2026
// 同步 ID: 71c0677f @ Tue Jun 16 18:11:23 UTC 2026
// 同步 ID: fc464a88 @ Tue Jun 16 23:58:55 UTC 2026
// 重构日志: 469042c5
// 重构日志: c246da37
// 重构日志: e1f2a51f
// 重构日志: e0fbcb02
// 重构日志: 15169334
// 重构日志: d238e709
// 同步 ID: 0efbb196 @ Fri Jun 19 18:04:19 UTC 2026
